app/build/intermediates/manifest_merge_blame_file/debug/manifest-merger-blame-debug-report.txt
1<?xml version="1.0" encoding="utf-8"?>
2<manifest xmlns:android="http://schemas.android.com/apk/res/android"
3    package="com.atstrack.ats.ats_vhf_receiver"
4    android:versionCode="10001"
5    android:versionName="1.0.1.debug" >
6
7    <uses-sdk
8        android:minSdkVersion="28"
8-->src\main\AndroidManifest.xml
9        android:targetSdkVersion="36" />
9-->src\main\AndroidManifest.xml
10
11    <uses-feature
11-->src\main\AndroidManifest.xml:6:5-9:40
12        android:name="android.hardware.bluetooth_le"
12-->src\main\AndroidManifest.xml:7:9-53
13        android:required="true" />
13-->src\main\AndroidManifest.xml:8:9-32
14    <uses-feature
14-->src\main\AndroidManifest.xml:10:5-12:35
15        android:name="android.hardware.location.gps"
15-->src\main\AndroidManifest.xml:11:9-53
16        android:required="true" />
16-->src\main\AndroidManifest.xml:12:9-32
17
18    <uses-permission android:name="android.permission.BLUETOOTH_SCAN" />
18-->src\main\AndroidManifest.xml:14:5-73
18-->src\main\AndroidManifest.xml:14:22-70
19    <uses-permission android:name="android.permission.BLUETOOTH" />
19-->src\main\AndroidManifest.xml:15:5-68
19-->src\main\AndroidManifest.xml:15:22-65
20    <uses-permission
20-->src\main\AndroidManifest.xml:16:5-18:38
21        android:name="android.permission.BLUETOOTH_ADMIN"
21-->src\main\AndroidManifest.xml:17:9-58
22        android:maxSdkVersion="30" />
22-->src\main\AndroidManifest.xml:18:9-35
23    <uses-permission android:name="android.permission.BLUETOOTH_CONNECT" />
23-->src\main\AndroidManifest.xml:19:5-76
23-->src\main\AndroidManifest.xml:19:22-73
24    <uses-permission android:name="android.permission.BLUETOOTH_ADVERTISE" />
24-->src\main\AndroidManifest.xml:20:5-78
24-->src\main\AndroidManifest.xml:20:22-75
25    <uses-permission android:name="android.permission.BLUETOOTH_PRIVILEGED" />
25-->src\main\AndroidManifest.xml:21:5-23:47
25-->src\main\AndroidManifest.xml:22:9-63
26    <uses-permission android:name="android.permission.INTERNET" />
26-->src\main\AndroidManifest.xml:24:5-67
26-->src\main\AndroidManifest.xml:24:22-64
27    <uses-permission android:name="android.permission.ACCESS_NETWORK_STATE" />
27-->src\main\AndroidManifest.xml:25:5-79
27-->src\main\AndroidManifest.xml:25:22-76
28    <uses-permission android:name="android.permission.ACCESS_WIFI_STATE" />
28-->src\main\AndroidManifest.xml:26:5-76
28-->src\main\AndroidManifest.xml:26:22-73
29    <uses-permission android:name="android.permission.ACCESS_COARSE_LOCATION" />
29-->src\main\AndroidManifest.xml:27:5-81
29-->src\main\AndroidManifest.xml:27:22-78
30    <uses-permission android:name="android.permission.ACCESS_FINE_LOCATION" />
30-->src\main\AndroidManifest.xml:28:5-79
30-->src\main\AndroidManifest.xml:28:22-76
31    <uses-permission android:name="android.permission.READ_EXTERNAL_STORAGE" />
31-->src\main\AndroidManifest.xml:29:5-80
31-->src\main\AndroidManifest.xml:29:22-77
32    <uses-permission android:name="android.permission.WRITE_EXTERNAL_STORAGE" />
32-->src\main\AndroidManifest.xml:30:5-81
32-->src\main\AndroidManifest.xml:30:22-78
33    <uses-permission android:name="android.permission.GET_ACCOUNTS" />
33-->src\main\AndroidManifest.xml:31:5-71
33-->src\main\AndroidManifest.xml:31:22-68
34    <uses-permission android:name="android.permission.WRITE_SECURE_SETTINGS" />
34-->src\main\AndroidManifest.xml:32:5-34:47
34-->src\main\AndroidManifest.xml:33:9-64
35    <uses-permission android:name="android.permission.WAKE_LOCK" />
35-->src\main\AndroidManifest.xml:35:5-68
35-->src\main\AndroidManifest.xml:35:22-65
36    <uses-permission android:name="android.permission.MANAGE_EXTERNAL_STORAGE" />
36-->src\main\AndroidManifest.xml:36:5-82
36-->src\main\AndroidManifest.xml:36:22-79
37
38    <application
38-->src\main\AndroidManifest.xml:38:5-171:19
39        android:allowBackup="true"
39-->src\main\AndroidManifest.xml:39:9-35
40        android:appComponentFactory="androidx.core.app.CoreComponentFactory"
40-->[androidx.core:core:1.7.0] AndroidManifest.xml:24:18-86
41        android:debuggable="true"
42        android:exported="true"
42-->src\main\AndroidManifest.xml:40:9-32
43        android:extractNativeLibs="false"
44        android:fullBackupContent="@xml/backup_descriptor"
44-->src\main\AndroidManifest.xml:41:9-59
45        android:icon="@mipmap/ic_launcher"
45-->src\main\AndroidManifest.xml:42:9-43
46        android:label="@string/app_name"
46-->src\main\AndroidManifest.xml:43:9-41
47        android:noHistory="true"
47-->src\main\AndroidManifest.xml:44:9-33
48        android:requestLegacyExternalStorage="true"
48-->src\main\AndroidManifest.xml:45:9-52
49        android:roundIcon="@mipmap/ic_launcher_round"
49-->src\main\AndroidManifest.xml:46:9-54
50        android:supportsRtl="true"
50-->src\main\AndroidManifest.xml:47:9-35
51        android:theme="@style/AppTheme" >
51-->src\main\AndroidManifest.xml:48:9-40
52        <activity
52-->src\main\AndroidManifest.xml:49:9-52:52
53            android:name="com.atstrack.ats.ats_vhf_receiver.BluetoothReceiver.MenuActivity"
53-->src\main\AndroidManifest.xml:50:13-59
54            android:exported="false"
54-->src\main\AndroidManifest.xml:51:13-37
55            android:screenOrientation="portrait" />
55-->src\main\AndroidManifest.xml:52:13-49
56        <activity
56-->src\main\AndroidManifest.xml:53:9-56:52
57            android:name="com.atstrack.ats.ats_vhf_receiver.BluetoothReceiver.TagDetectionActivity"
57-->src\main\AndroidManifest.xml:54:13-67
58            android:exported="false"
58-->src\main\AndroidManifest.xml:55:13-37
59            android:screenOrientation="portrait" />
59-->src\main\AndroidManifest.xml:56:13-49
60        <activity
60-->src\main\AndroidManifest.xml:57:9-60:52
61            android:name="com.atstrack.ats.ats_vhf_receiver.VHF.EnterCoefficientActivity"
61-->src\main\AndroidManifest.xml:58:13-57
62            android:exported="false"
62-->src\main\AndroidManifest.xml:59:13-37
63            android:screenOrientation="portrait" />
63-->src\main\AndroidManifest.xml:60:13-49
64        <activity
64-->src\main\AndroidManifest.xml:61:9-64:52
65            android:name="com.atstrack.ats.ats_vhf_receiver.ScanDevicesActivity"
65-->src\main\AndroidManifest.xml:62:13-48
66            android:exported="false"
66-->src\main\AndroidManifest.xml:63:13-37
67            android:screenOrientation="portrait" />
67-->src\main\AndroidManifest.xml:64:13-49
68        <activity
68-->src\main\AndroidManifest.xml:65:9-68:52
69            android:name="com.atstrack.ats.ats_vhf_receiver.FirmwareUpdateActivity"
69-->src\main\AndroidManifest.xml:66:13-51
70            android:exported="false"
70-->src\main\AndroidManifest.xml:67:13-37
71            android:screenOrientation="portrait" />
71-->src\main\AndroidManifest.xml:68:13-49
72        <activity
72-->src\main\AndroidManifest.xml:69:9-72:52
73            android:name="com.atstrack.ats.ats_vhf_receiver.Acoustic.OptionActivity"
73-->src\main\AndroidManifest.xml:70:13-52
74            android:exported="false"
74-->src\main\AndroidManifest.xml:71:13-37
75            android:screenOrientation="portrait" />
75-->src\main\AndroidManifest.xml:72:13-49
76        <activity
76-->src\main\AndroidManifest.xml:73:9-76:52
77            android:name="com.atstrack.ats.ats_vhf_receiver.Acoustic.MenuActivity"
77-->src\main\AndroidManifest.xml:74:13-50
78            android:exported="false"
78-->src\main\AndroidManifest.xml:75:13-37
79            android:screenOrientation="portrait" />
79-->src\main\AndroidManifest.xml:76:13-49
80        <activity
80-->src\main\AndroidManifest.xml:77:9-80:52
81            android:name="com.atstrack.ats.ats_vhf_receiver.VHF.RawDataActivity"
81-->src\main\AndroidManifest.xml:78:13-48
82            android:exported="false"
82-->src\main\AndroidManifest.xml:79:13-37
83            android:screenOrientation="portrait" />
83-->src\main\AndroidManifest.xml:80:13-49
84        <activity
84-->src\main\AndroidManifest.xml:81:9-84:52
85            android:name="com.atstrack.ats.ats_vhf_receiver.VHF.EnterFrequencyActivity"
85-->src\main\AndroidManifest.xml:82:13-55
86            android:exported="false"
86-->src\main\AndroidManifest.xml:83:13-37
87            android:screenOrientation="portrait" />
87-->src\main\AndroidManifest.xml:84:13-49
88        <activity
88-->src\main\AndroidManifest.xml:85:9-88:52
89            android:name="com.atstrack.ats.ats_vhf_receiver.VHF.ValueDetectionFilterActivity"
89-->src\main\AndroidManifest.xml:86:13-61
90            android:exported="false"
90-->src\main\AndroidManifest.xml:87:13-37
91            android:screenOrientation="portrait" />
91-->src\main\AndroidManifest.xml:88:13-49
92        <activity
92-->src\main\AndroidManifest.xml:89:9-92:52
93            android:name="com.atstrack.ats.ats_vhf_receiver.VHF.ValueDefaultsActivity"
93-->src\main\AndroidManifest.xml:90:13-54
94            android:exported="false"
94-->src\main\AndroidManifest.xml:91:13-37
95            android:screenOrientation="portrait" />
95-->src\main\AndroidManifest.xml:92:13-49
96        <activity
96-->src\main\AndroidManifest.xml:93:9-96:52
97            android:name="com.atstrack.ats.ats_vhf_receiver.VHF.StationaryDefaultsActivity"
97-->src\main\AndroidManifest.xml:94:13-59
98            android:exported="false"
98-->src\main\AndroidManifest.xml:95:13-37
99            android:screenOrientation="portrait" />
99-->src\main\AndroidManifest.xml:96:13-49
100        <activity
100-->src\main\AndroidManifest.xml:97:9-100:52
101            android:name="com.atstrack.ats.ats_vhf_receiver.VHF.MobileDefaultsActivity"
101-->src\main\AndroidManifest.xml:98:13-55
102            android:exported="false"
102-->src\main\AndroidManifest.xml:99:13-37
103            android:screenOrientation="portrait" />
103-->src\main\AndroidManifest.xml:100:13-49
104        <activity
104-->src\main\AndroidManifest.xml:101:9-104:52
105            android:name="com.atstrack.ats.ats_vhf_receiver.VHF.DiagnosticsActivity"
105-->src\main\AndroidManifest.xml:102:13-52
106            android:exported="false"
106-->src\main\AndroidManifest.xml:103:13-37
107            android:screenOrientation="portrait" />
107-->src\main\AndroidManifest.xml:104:13-49
108        <activity
108-->src\main\AndroidManifest.xml:105:9-108:52
109            android:name="com.atstrack.ats.ats_vhf_receiver.VHF.CloneActivity"
109-->src\main\AndroidManifest.xml:106:13-46
110            android:exported="false"
110-->src\main\AndroidManifest.xml:107:13-37
111            android:screenOrientation="portrait" />
111-->src\main\AndroidManifest.xml:108:13-49
112        <activity
112-->src\main\AndroidManifest.xml:109:9-112:52
113            android:name="com.atstrack.ats.ats_vhf_receiver.VHF.DetectionFilterActivity"
113-->src\main\AndroidManifest.xml:110:13-56
114            android:exported="false"
114-->src\main\AndroidManifest.xml:111:13-37
115            android:screenOrientation="portrait" />
115-->src\main\AndroidManifest.xml:112:13-49
116        <activity
116-->src\main\AndroidManifest.xml:113:9-116:52
117            android:name="com.atstrack.ats.ats_vhf_receiver.VHF.EditDefaultsActivity"
117-->src\main\AndroidManifest.xml:114:13-53
118            android:exported="false"
118-->src\main\AndroidManifest.xml:115:13-37
119            android:screenOrientation="portrait" />
119-->src\main\AndroidManifest.xml:116:13-49
120        <activity
120-->src\main\AndroidManifest.xml:117:9-120:52
121            android:name="com.atstrack.ats.ats_vhf_receiver.VHF.ConfigurationActivity"
121-->src\main\AndroidManifest.xml:118:13-54
122            android:exported="false"
122-->src\main\AndroidManifest.xml:119:13-37
123            android:screenOrientation="portrait" />
123-->src\main\AndroidManifest.xml:120:13-49
124        <activity
124-->src\main\AndroidManifest.xml:121:9-124:52
125            android:name="com.atstrack.ats.ats_vhf_receiver.VHF.StationaryScanActivity"
125-->src\main\AndroidManifest.xml:122:13-55
126            android:exported="false"
126-->src\main\AndroidManifest.xml:123:13-37
127            android:screenOrientation="portrait" />
127-->src\main\AndroidManifest.xml:124:13-49
128        <activity
128-->src\main\AndroidManifest.xml:125:9-128:52
129            android:name="com.atstrack.ats.ats_vhf_receiver.VHF.MobileScanActivity"
129-->src\main\AndroidManifest.xml:126:13-51
130            android:exported="false"
130-->src\main\AndroidManifest.xml:127:13-37
131            android:screenOrientation="portrait" />
131-->src\main\AndroidManifest.xml:128:13-49
132        <activity
132-->src\main\AndroidManifest.xml:129:9-132:52
133            android:name="com.atstrack.ats.ats_vhf_receiver.VHF.ManualScanActivity"
133-->src\main\AndroidManifest.xml:130:13-51
134            android:exported="false"
134-->src\main\AndroidManifest.xml:131:13-37
135            android:screenOrientation="portrait" />
135-->src\main\AndroidManifest.xml:132:13-49
136        <activity
136-->src\main\AndroidManifest.xml:133:9-136:52
137            android:name="com.atstrack.ats.ats_vhf_receiver.VHF.ScanningActivity"
137-->src\main\AndroidManifest.xml:134:13-49
138            android:exported="false"
138-->src\main\AndroidManifest.xml:135:13-37
139            android:screenOrientation="portrait" />
139-->src\main\AndroidManifest.xml:136:13-49
140        <activity
140-->src\main\AndroidManifest.xml:137:9-140:52
141            android:name="com.atstrack.ats.ats_vhf_receiver.VHF.MenuActivity"
141-->src\main\AndroidManifest.xml:138:13-45
142            android:exported="false"
142-->src\main\AndroidManifest.xml:139:13-37
143            android:screenOrientation="portrait" />
143-->src\main\AndroidManifest.xml:140:13-49
144        <activity
144-->src\main\AndroidManifest.xml:141:9-144:52
145            android:name="com.atstrack.ats.ats_vhf_receiver.VHF.FrequenciesActivity"
145-->src\main\AndroidManifest.xml:142:13-52
146            android:exported="false"
146-->src\main\AndroidManifest.xml:143:13-37
147            android:screenOrientation="portrait" />
147-->src\main\AndroidManifest.xml:144:13-49
148        <activity
148-->src\main\AndroidManifest.xml:145:9-148:52
149            android:name="com.atstrack.ats.ats_vhf_receiver.VHF.TablesActivity"
149-->src\main\AndroidManifest.xml:146:13-47
150            android:exported="false"
150-->src\main\AndroidManifest.xml:147:13-37
151            android:screenOrientation="portrait" />
151-->src\main\AndroidManifest.xml:148:13-49
152        <activity
152-->src\main\AndroidManifest.xml:149:9-152:52
153            android:name="com.atstrack.ats.ats_vhf_receiver.VHF.ManageDataActivity"
153-->src\main\AndroidManifest.xml:150:13-51
154            android:exported="false"
154-->src\main\AndroidManifest.xml:151:13-37
155            android:screenOrientation="portrait" />
155-->src\main\AndroidManifest.xml:152:13-49
156        <activity
156-->src\main\AndroidManifest.xml:153:9-164:20
157            android:name="com.atstrack.ats.ats_vhf_receiver.MainActivity"
157-->src\main\AndroidManifest.xml:154:13-41
158            android:exported="true"
158-->src\main\AndroidManifest.xml:155:13-36
159            android:screenOrientation="portrait" >
159-->src\main\AndroidManifest.xml:156:13-49
160            <intent-filter>
160-->src\main\AndroidManifest.xml:157:13-163:29
161                <action
161-->src\main\AndroidManifest.xml:158:17-160:47
162                    android:name="android.intent.action.MAIN"
162-->src\main\AndroidManifest.xml:159:21-62
163                    android:exported="true" />
163-->src\main\AndroidManifest.xml:160:21-44
164
165                <category android:name="android.intent.category.LAUNCHER" />
165-->src\main\AndroidManifest.xml:162:17-77
165-->src\main\AndroidManifest.xml:162:27-74
166            </intent-filter>
167        </activity>
168
169        <service
169-->src\main\AndroidManifest.xml:166:9-170:41
170            android:name="com.atstrack.ats.ats_vhf_receiver.BluetoothATS.BluetoothLeService"
170-->src\main\AndroidManifest.xml:167:13-60
171            android:enabled="true"
171-->src\main\AndroidManifest.xml:168:13-35
172            android:exported="false"
172-->src\main\AndroidManifest.xml:169:13-37
173            android:permission="TODO" />
173-->src\main\AndroidManifest.xml:170:13-38
174
175        <activity
175-->[com.google.android.gms:play-services-auth:20.6.0] AndroidManifest.xml:23:9-27:75
176            android:name="com.google.android.gms.auth.api.signin.internal.SignInHubActivity"
176-->[com.google.android.gms:play-services-auth:20.6.0] AndroidManifest.xml:24:13-93
177            android:excludeFromRecents="true"
177-->[com.google.android.gms:play-services-auth:20.6.0] AndroidManifest.xml:25:13-46
178            android:exported="false"
178-->[com.google.android.gms:play-services-auth:20.6.0] AndroidManifest.xml:26:13-37
179            android:theme="@android:style/Theme.Translucent.NoTitleBar" />
179-->[com.google.android.gms:play-services-auth:20.6.0] AndroidManifest.xml:27:13-72
180        <!--
181            Service handling Google Sign-In user revocation. For apps that do not integrate with
182            Google Sign-In, this service will never be started.
183        -->
184        <service
184-->[com.google.android.gms:play-services-auth:20.6.0] AndroidManifest.xml:33:9-37:51
185            android:name="com.google.android.gms.auth.api.signin.RevocationBoundService"
185-->[com.google.android.gms:play-services-auth:20.6.0] AndroidManifest.xml:34:13-89
186            android:exported="true"
186-->[com.google.android.gms:play-services-auth:20.6.0] AndroidManifest.xml:35:13-36
187            android:permission="com.google.android.gms.auth.api.signin.permission.REVOCATION_NOTIFICATION"
187-->[com.google.android.gms:play-services-auth:20.6.0] AndroidManifest.xml:36:13-107
188            android:visibleToInstantApps="true" />
188-->[com.google.android.gms:play-services-auth:20.6.0] AndroidManifest.xml:37:13-48
189
190        <activity
190-->[com.google.android.gms:play-services-base:18.1.0] AndroidManifest.xml:20:9-22:45
191            android:name="com.google.android.gms.common.api.GoogleApiActivity"
191-->[com.google.android.gms:play-services-base:18.1.0] AndroidManifest.xml:20:19-85
192            android:exported="false"
192-->[com.google.android.gms:play-services-base:18.1.0] AndroidManifest.xml:22:19-43
193            android:theme="@android:style/Theme.Translucent.NoTitleBar" />
193-->[com.google.android.gms:play-services-base:18.1.0] AndroidManifest.xml:21:19-78
194
195        <meta-data
195-->[com.google.android.gms:play-services-basement:18.2.0] AndroidManifest.xml:21:9-23:69
196            android:name="com.google.android.gms.version"
196-->[com.google.android.gms:play-services-basement:18.2.0] AndroidManifest.xml:22:13-58
197            android:value="@integer/google_play_services_version" />
197-->[com.google.android.gms:play-services-basement:18.2.0] AndroidManifest.xml:23:13-66
198
199        <provider
199-->[androidx.emoji2:emoji2:1.0.0] AndroidManifest.xml:26:9-34:20
200            android:name="androidx.startup.InitializationProvider"
200-->[androidx.emoji2:emoji2:1.0.0] AndroidManifest.xml:27:13-67
201            android:authorities="com.atstrack.ats.ats_vhf_receiver.androidx-startup"
201-->[androidx.emoji2:emoji2:1.0.0] AndroidManifest.xml:28:13-68
202            android:exported="false" >
202-->[androidx.emoji2:emoji2:1.0.0] AndroidManifest.xml:29:13-37
203            <meta-data
203-->[androidx.emoji2:emoji2:1.0.0] AndroidManifest.xml:31:13-33:52
204                android:name="androidx.emoji2.text.EmojiCompatInitializer"
204-->[androidx.emoji2:emoji2:1.0.0] AndroidManifest.xml:32:17-75
205                android:value="androidx.startup" />
205-->[androidx.emoji2:emoji2:1.0.0] AndroidManifest.xml:33:17-49
206            <meta-data
206-->[androidx.lifecycle:lifecycle-process:2.4.0] AndroidManifest.xml:31:13-33:52
207                android:name="androidx.lifecycle.ProcessLifecycleInitializer"
207-->[androidx.lifecycle:lifecycle-process:2.4.0] AndroidManifest.xml:32:17-78
208                android:value="androidx.startup" />
208-->[androidx.lifecycle:lifecycle-process:2.4.0] AndroidManifest.xml:33:17-49
209        </provider>
210    </application>
211
212</manifest>